Job started at Tue Apr  8 16:59:15 CDT 2025
Job finished at Tue Apr  8 16:59:15 CDT 2025
Total job runtime: 0 seconds.
Folder already exists: /caldera/hovenweep/projects/usgs/water/impd/hytest/working/niwaa_wrfhydro_monthly_huc12_aggregations/monthly
rm: cannot remove 'tmp51ef1c72-7b10-43b1-9b11-54b30a1524a7.nc': No such file or directory
rm: cannot remove 'params51ef1c72-7b10-43b1-9b11-54b30a1524a7.nc': No such file or directory
Processing year 2011
  Processing month 1
rm: cannot remove '/caldera/hovenweep/projects/usgs/water/impd/hytest/working/niwaa_wrfhydro_monthly_huc12_aggregations/monthly/water_201101.nc': No such file or directory
      /caldera/hovenweep/projects/usgs/water/impd/hytest/niwaa_wrfhydro_monthly_huc12_aggregations_sample_data/LDASOUT/RAW2011/201101010000.LDASOUT_DOMAIN1 /caldera/hovenweep/projects/usgs/water/impd/hytest/niwaa_wrfhydro_monthly_huc12_aggregations_sample_data/LDASOUT/RAW2011/201101312100.LDASOUT_DOMAIN1
      Missing files. Skipping month.
  Processing month 2
rm: cannot remove '/caldera/hovenweep/projects/usgs/water/impd/hytest/working/niwaa_wrfhydro_monthly_huc12_aggregations/monthly/water_201102.nc': No such file or directory
      /caldera/hovenweep/projects/usgs/water/impd/hytest/niwaa_wrfhydro_monthly_huc12_aggregations_sample_data/LDASOUT/RAW2011/201102010000.LDASOUT_DOMAIN1 /caldera/hovenweep/projects/usgs/water/impd/hytest/niwaa_wrfhydro_monthly_huc12_aggregations_sample_data/LDASOUT/RAW2011/201102282100.LDASOUT_DOMAIN1
      Missing files. Skipping month.
  Processing month 3
rm: cannot remove '/caldera/hovenweep/projects/usgs/water/impd/hytest/working/niwaa_wrfhydro_monthly_huc12_aggregations/monthly/water_201103.nc': No such file or directory
      /caldera/hovenweep/projects/usgs/water/impd/hytest/niwaa_wrfhydro_monthly_huc12_aggregations_sample_data/LDASOUT/RAW2011/201103010000.LDASOUT_DOMAIN1 /caldera/hovenweep/projects/usgs/water/impd/hytest/niwaa_wrfhydro_monthly_huc12_aggregations_sample_data/LDASOUT/RAW2011/201103312100.LDASOUT_DOMAIN1
      Missing files. Skipping month.
  Processing month 4
rm: cannot remove '/caldera/hovenweep/projects/usgs/water/impd/hytest/working/niwaa_wrfhydro_monthly_huc12_aggregations/monthly/water_201104.nc': No such file or directory
      /caldera/hovenweep/projects/usgs/water/impd/hytest/niwaa_wrfhydro_monthly_huc12_aggregations_sample_data/LDASOUT/RAW2011/201104010000.LDASOUT_DOMAIN1 /caldera/hovenweep/projects/usgs/water/impd/hytest/niwaa_wrfhydro_monthly_huc12_aggregations_sample_data/LDASOUT/RAW2011/201104302100.LDASOUT_DOMAIN1
      Missing files. Skipping month.
  Processing month 5
rm: cannot remove '/caldera/hovenweep/projects/usgs/water/impd/hytest/working/niwaa_wrfhydro_monthly_huc12_aggregations/monthly/water_201105.nc': No such file or directory
      /caldera/hovenweep/projects/usgs/water/impd/hytest/niwaa_wrfhydro_monthly_huc12_aggregations_sample_data/LDASOUT/RAW2011/201105010000.LDASOUT_DOMAIN1 /caldera/hovenweep/projects/usgs/water/impd/hytest/niwaa_wrfhydro_monthly_huc12_aggregations_sample_data/LDASOUT/RAW2011/201105312100.LDASOUT_DOMAIN1
      Missing files. Skipping month.
  Processing month 6
rm: cannot remove '/caldera/hovenweep/projects/usgs/water/impd/hytest/working/niwaa_wrfhydro_monthly_huc12_aggregations/monthly/water_201106.nc': No such file or directory
      /caldera/hovenweep/projects/usgs/water/impd/hytest/niwaa_wrfhydro_monthly_huc12_aggregations_sample_data/LDASOUT/RAW2011/201106010000.LDASOUT_DOMAIN1 /caldera/hovenweep/projects/usgs/water/impd/hytest/niwaa_wrfhydro_monthly_huc12_aggregations_sample_data/LDASOUT/RAW2011/201106302100.LDASOUT_DOMAIN1
      Missing files. Skipping month.
  Processing month 7
rm: cannot remove '/caldera/hovenweep/projects/usgs/water/impd/hytest/working/niwaa_wrfhydro_monthly_huc12_aggregations/monthly/water_201107.nc': No such file or directory
      /caldera/hovenweep/projects/usgs/water/impd/hytest/niwaa_wrfhydro_monthly_huc12_aggregations_sample_data/LDASOUT/RAW2011/201107010000.LDASOUT_DOMAIN1 /caldera/hovenweep/projects/usgs/water/impd/hytest/niwaa_wrfhydro_monthly_huc12_aggregations_sample_data/LDASOUT/RAW2011/201107312100.LDASOUT_DOMAIN1
      Missing files. Skipping month.
  Processing month 8
rm: cannot remove '/caldera/hovenweep/projects/usgs/water/impd/hytest/working/niwaa_wrfhydro_monthly_huc12_aggregations/monthly/water_201108.nc': No such file or directory
      /caldera/hovenweep/projects/usgs/water/impd/hytest/niwaa_wrfhydro_monthly_huc12_aggregations_sample_data/LDASOUT/RAW2011/201108010000.LDASOUT_DOMAIN1 /caldera/hovenweep/projects/usgs/water/impd/hytest/niwaa_wrfhydro_monthly_huc12_aggregations_sample_data/LDASOUT/RAW2011/201108312100.LDASOUT_DOMAIN1
      Missing files. Skipping month.
  Processing month 9
rm: cannot remove '/caldera/hovenweep/projects/usgs/water/impd/hytest/working/niwaa_wrfhydro_monthly_huc12_aggregations/monthly/water_201109.nc': No such file or directory
      /caldera/hovenweep/projects/usgs/water/impd/hytest/niwaa_wrfhydro_monthly_huc12_aggregations_sample_data/LDASOUT/RAW2011/201109010000.LDASOUT_DOMAIN1 /caldera/hovenweep/projects/usgs/water/impd/hytest/niwaa_wrfhydro_monthly_huc12_aggregations_sample_data/LDASOUT/RAW2011/201109302100.LDASOUT_DOMAIN1
      Missing files. Skipping month.
  Processing month 10
rm: cannot remove '/caldera/hovenweep/projects/usgs/water/impd/hytest/working/niwaa_wrfhydro_monthly_huc12_aggregations/monthly/water_201110.nc': No such file or directory
      /caldera/hovenweep/projects/usgs/water/impd/hytest/niwaa_wrfhydro_monthly_huc12_aggregations_sample_data/LDASOUT/RAW2011/201110010000.LDASOUT_DOMAIN1 /caldera/hovenweep/projects/usgs/water/impd/hytest/niwaa_wrfhydro_monthly_huc12_aggregations_sample_data/LDASOUT/RAW2011/201110312100.LDASOUT_DOMAIN1
      Missing files. Skipping month.
  Processing month 11
rm: cannot remove '/caldera/hovenweep/projects/usgs/water/impd/hytest/working/niwaa_wrfhydro_monthly_huc12_aggregations/monthly/water_201111.nc': No such file or directory
      /caldera/hovenweep/projects/usgs/water/impd/hytest/niwaa_wrfhydro_monthly_huc12_aggregations_sample_data/LDASOUT/RAW2011/201111010000.LDASOUT_DOMAIN1 /caldera/hovenweep/projects/usgs/water/impd/hytest/niwaa_wrfhydro_monthly_huc12_aggregations_sample_data/LDASOUT/RAW2011/201111302100.LDASOUT_DOMAIN1
      Missing files. Skipping month.
  Processing month 12
rm: cannot remove '/caldera/hovenweep/projects/usgs/water/impd/hytest/working/niwaa_wrfhydro_monthly_huc12_aggregations/monthly/water_201112.nc': No such file or directory
      /caldera/hovenweep/projects/usgs/water/impd/hytest/niwaa_wrfhydro_monthly_huc12_aggregations_sample_data/LDASOUT/RAW2011/201112010000.LDASOUT_DOMAIN1 /caldera/hovenweep/projects/usgs/water/impd/hytest/niwaa_wrfhydro_monthly_huc12_aggregations_sample_data/LDASOUT/RAW2011/201112312100.LDASOUT_DOMAIN1
      Missing files. Skipping month.
