Job started at Tue Apr  8 16:59:15 CDT 2025
Job finished at Tue Apr  8 16:59:15 CDT 2025
Total job runtime: 0 seconds.
Folder created: /caldera/hovenweep/projects/usgs/water/impd/hytest/working/niwaa_wrfhydro_monthly_huc12_aggregations/monthly
Processing year 2012
  Processing month 1
      Found 744 files
      Processing sums and means
      first /caldera/hovenweep/projects/usgs/water/impd/hytest/niwaa_wrfhydro_monthly_huc12_aggregations_sample_data/CHRTOUT/2012//201201010000.CHRTOUT_DOMAIN1
      last /caldera/hovenweep/projects/usgs/water/impd/hytest/niwaa_wrfhydro_monthly_huc12_aggregations_sample_data/CHRTOUT/2012//201201312300.CHRTOUT_DOMAIN1
      output /caldera/hovenweep/projects/usgs/water/impd/hytest/working/niwaa_wrfhydro_monthly_huc12_aggregations/monthly/chrt_201201.nc
      Done aggregating hourly values : 2012-01  243 seconds since start time.
  Processing month 2
      Found 696 files
      Processing sums and means
      first /caldera/hovenweep/projects/usgs/water/impd/hytest/niwaa_wrfhydro_monthly_huc12_aggregations_sample_data/CHRTOUT/2012//201202010000.CHRTOUT_DOMAIN1
      last /caldera/hovenweep/projects/usgs/water/impd/hytest/niwaa_wrfhydro_monthly_huc12_aggregations_sample_data/CHRTOUT/2012//201202292300.CHRTOUT_DOMAIN1
      output /caldera/hovenweep/projects/usgs/water/impd/hytest/working/niwaa_wrfhydro_monthly_huc12_aggregations/monthly/chrt_201202.nc
      Done aggregating hourly values : 2012-02  258 seconds since start time.
  Processing month 3
      Found 744 files
      Processing sums and means
      first /caldera/hovenweep/projects/usgs/water/impd/hytest/niwaa_wrfhydro_monthly_huc12_aggregations_sample_data/CHRTOUT/2012//201203010000.CHRTOUT_DOMAIN1
      last /caldera/hovenweep/projects/usgs/water/impd/hytest/niwaa_wrfhydro_monthly_huc12_aggregations_sample_data/CHRTOUT/2012//201203312300.CHRTOUT_DOMAIN1
      output /caldera/hovenweep/projects/usgs/water/impd/hytest/working/niwaa_wrfhydro_monthly_huc12_aggregations/monthly/chrt_201203.nc
      Done aggregating hourly values : 2012-03  254 seconds since start time.
  Processing month 4
      Found 720 files
      Processing sums and means
      first /caldera/hovenweep/projects/usgs/water/impd/hytest/niwaa_wrfhydro_monthly_huc12_aggregations_sample_data/CHRTOUT/2012//201204010000.CHRTOUT_DOMAIN1
      last /caldera/hovenweep/projects/usgs/water/impd/hytest/niwaa_wrfhydro_monthly_huc12_aggregations_sample_data/CHRTOUT/2012//201204302300.CHRTOUT_DOMAIN1
      output /caldera/hovenweep/projects/usgs/water/impd/hytest/working/niwaa_wrfhydro_monthly_huc12_aggregations/monthly/chrt_201204.nc
      Done aggregating hourly values : 2012-04  247 seconds since start time.
  Processing month 5
      Found 744 files
      Processing sums and means
      first /caldera/hovenweep/projects/usgs/water/impd/hytest/niwaa_wrfhydro_monthly_huc12_aggregations_sample_data/CHRTOUT/2012//201205010000.CHRTOUT_DOMAIN1
      last /caldera/hovenweep/projects/usgs/water/impd/hytest/niwaa_wrfhydro_monthly_huc12_aggregations_sample_data/CHRTOUT/2012//201205312300.CHRTOUT_DOMAIN1
      output /caldera/hovenweep/projects/usgs/water/impd/hytest/working/niwaa_wrfhydro_monthly_huc12_aggregations/monthly/chrt_201205.nc
      Done aggregating hourly values : 2012-05  247 seconds since start time.
  Processing month 6
      Found 720 files
      Processing sums and means
      first /caldera/hovenweep/projects/usgs/water/impd/hytest/niwaa_wrfhydro_monthly_huc12_aggregations_sample_data/CHRTOUT/2012//201206010000.CHRTOUT_DOMAIN1
      last /caldera/hovenweep/projects/usgs/water/impd/hytest/niwaa_wrfhydro_monthly_huc12_aggregations_sample_data/CHRTOUT/2012//201206302300.CHRTOUT_DOMAIN1
      output /caldera/hovenweep/projects/usgs/water/impd/hytest/working/niwaa_wrfhydro_monthly_huc12_aggregations/monthly/chrt_201206.nc
      Done aggregating hourly values : 2012-06  236 seconds since start time.
  Processing month 7
      Found 744 files
      Processing sums and means
      first /caldera/hovenweep/projects/usgs/water/impd/hytest/niwaa_wrfhydro_monthly_huc12_aggregations_sample_data/CHRTOUT/2012//201207010000.CHRTOUT_DOMAIN1
      last /caldera/hovenweep/projects/usgs/water/impd/hytest/niwaa_wrfhydro_monthly_huc12_aggregations_sample_data/CHRTOUT/2012//201207312300.CHRTOUT_DOMAIN1
      output /caldera/hovenweep/projects/usgs/water/impd/hytest/working/niwaa_wrfhydro_monthly_huc12_aggregations/monthly/chrt_201207.nc
      Done aggregating hourly values : 2012-07  241 seconds since start time.
  Processing month 8
      Found 744 files
      Processing sums and means
      first /caldera/hovenweep/projects/usgs/water/impd/hytest/niwaa_wrfhydro_monthly_huc12_aggregations_sample_data/CHRTOUT/2012//201208010000.CHRTOUT_DOMAIN1
      last /caldera/hovenweep/projects/usgs/water/impd/hytest/niwaa_wrfhydro_monthly_huc12_aggregations_sample_data/CHRTOUT/2012//201208312300.CHRTOUT_DOMAIN1
      output /caldera/hovenweep/projects/usgs/water/impd/hytest/working/niwaa_wrfhydro_monthly_huc12_aggregations/monthly/chrt_201208.nc
      Done aggregating hourly values : 2012-08  239 seconds since start time.
  Processing month 9
      Found 720 files
      Processing sums and means
      first /caldera/hovenweep/projects/usgs/water/impd/hytest/niwaa_wrfhydro_monthly_huc12_aggregations_sample_data/CHRTOUT/2012//201209010000.CHRTOUT_DOMAIN1
      last /caldera/hovenweep/projects/usgs/water/impd/hytest/niwaa_wrfhydro_monthly_huc12_aggregations_sample_data/CHRTOUT/2012//201209302300.CHRTOUT_DOMAIN1
      output /caldera/hovenweep/projects/usgs/water/impd/hytest/working/niwaa_wrfhydro_monthly_huc12_aggregations/monthly/chrt_201209.nc
      Done aggregating hourly values : 2012-09  235 seconds since start time.
  Processing month 10
      Found 744 files
      Processing sums and means
      first /caldera/hovenweep/projects/usgs/water/impd/hytest/niwaa_wrfhydro_monthly_huc12_aggregations_sample_data/CHRTOUT/2012//201210010000.CHRTOUT_DOMAIN1
      last /caldera/hovenweep/projects/usgs/water/impd/hytest/niwaa_wrfhydro_monthly_huc12_aggregations_sample_data/CHRTOUT/2012//201210312300.CHRTOUT_DOMAIN1
      output /caldera/hovenweep/projects/usgs/water/impd/hytest/working/niwaa_wrfhydro_monthly_huc12_aggregations/monthly/chrt_201210.nc
      Done aggregating hourly values : 2012-10  241 seconds since start time.
  Processing month 11
      Found 720 files
      Processing sums and means
      first /caldera/hovenweep/projects/usgs/water/impd/hytest/niwaa_wrfhydro_monthly_huc12_aggregations_sample_data/CHRTOUT/2012//201211010000.CHRTOUT_DOMAIN1
      last /caldera/hovenweep/projects/usgs/water/impd/hytest/niwaa_wrfhydro_monthly_huc12_aggregations_sample_data/CHRTOUT/2012//201211302300.CHRTOUT_DOMAIN1
      output /caldera/hovenweep/projects/usgs/water/impd/hytest/working/niwaa_wrfhydro_monthly_huc12_aggregations/monthly/chrt_201211.nc
      Done aggregating hourly values : 2012-11  233 seconds since start time.
  Processing month 12
      Found 744 files
      Processing sums and means
      first /caldera/hovenweep/projects/usgs/water/impd/hytest/niwaa_wrfhydro_monthly_huc12_aggregations_sample_data/CHRTOUT/2012//201212010000.CHRTOUT_DOMAIN1
      last /caldera/hovenweep/projects/usgs/water/impd/hytest/niwaa_wrfhydro_monthly_huc12_aggregations_sample_data/CHRTOUT/2012//201212312300.CHRTOUT_DOMAIN1
      output /caldera/hovenweep/projects/usgs/water/impd/hytest/working/niwaa_wrfhydro_monthly_huc12_aggregations/monthly/chrt_201212.nc
      Done aggregating hourly values : 2012-12  238 seconds since start time.
