Job started at Tue Apr  8 16:59:15 CDT 2025
Job finished at Tue Apr  8 16:59:15 CDT 2025
Total job runtime: 0 seconds.
Folder created: /caldera/hovenweep/projects/usgs/water/impd/hytest/working/niwaa_wrfhydro_monthly_huc12_aggregations/monthly
rm: cannot remove 'tmp37c92974-b33a-4551-b514-f6ad536ef317.nc': No such file or directory
rm: cannot remove 'params37c92974-b33a-4551-b514-f6ad536ef317.nc': No such file or directory
Processing year 2013
  Processing month 1
rm: cannot remove '/caldera/hovenweep/projects/usgs/water/impd/hytest/working/niwaa_wrfhydro_monthly_huc12_aggregations/monthly/water_201301.nc': No such file or directory
      /caldera/hovenweep/projects/usgs/water/impd/hytest/niwaa_wrfhydro_monthly_huc12_aggregations_sample_data/LDASOUT/RAW2013/201301010000.LDASOUT_DOMAIN1 /caldera/hovenweep/projects/usgs/water/impd/hytest/niwaa_wrfhydro_monthly_huc12_aggregations_sample_data/LDASOUT/RAW2013/201301312100.LDASOUT_DOMAIN1
      Missing files. Skipping month.
  Processing month 2
rm: cannot remove '/caldera/hovenweep/projects/usgs/water/impd/hytest/working/niwaa_wrfhydro_monthly_huc12_aggregations/monthly/water_201302.nc': No such file or directory
      /caldera/hovenweep/projects/usgs/water/impd/hytest/niwaa_wrfhydro_monthly_huc12_aggregations_sample_data/LDASOUT/RAW2013/201302010000.LDASOUT_DOMAIN1 /caldera/hovenweep/projects/usgs/water/impd/hytest/niwaa_wrfhydro_monthly_huc12_aggregations_sample_data/LDASOUT/RAW2013/201302282100.LDASOUT_DOMAIN1
      Missing files. Skipping month.
  Processing month 3
rm: cannot remove '/caldera/hovenweep/projects/usgs/water/impd/hytest/working/niwaa_wrfhydro_monthly_huc12_aggregations/monthly/water_201303.nc': No such file or directory
      /caldera/hovenweep/projects/usgs/water/impd/hytest/niwaa_wrfhydro_monthly_huc12_aggregations_sample_data/LDASOUT/RAW2013/201303010000.LDASOUT_DOMAIN1 /caldera/hovenweep/projects/usgs/water/impd/hytest/niwaa_wrfhydro_monthly_huc12_aggregations_sample_data/LDASOUT/RAW2013/201303312100.LDASOUT_DOMAIN1
      Missing files. Skipping month.
  Processing month 4
rm: cannot remove '/caldera/hovenweep/projects/usgs/water/impd/hytest/working/niwaa_wrfhydro_monthly_huc12_aggregations/monthly/water_201304.nc': No such file or directory
      /caldera/hovenweep/projects/usgs/water/impd/hytest/niwaa_wrfhydro_monthly_huc12_aggregations_sample_data/LDASOUT/RAW2013/201304010000.LDASOUT_DOMAIN1 /caldera/hovenweep/projects/usgs/water/impd/hytest/niwaa_wrfhydro_monthly_huc12_aggregations_sample_data/LDASOUT/RAW2013/201304302100.LDASOUT_DOMAIN1
      Missing files. Skipping month.
  Processing month 5
rm: cannot remove '/caldera/hovenweep/projects/usgs/water/impd/hytest/working/niwaa_wrfhydro_monthly_huc12_aggregations/monthly/water_201305.nc': No such file or directory
      /caldera/hovenweep/projects/usgs/water/impd/hytest/niwaa_wrfhydro_monthly_huc12_aggregations_sample_data/LDASOUT/RAW2013/201305010000.LDASOUT_DOMAIN1 /caldera/hovenweep/projects/usgs/water/impd/hytest/niwaa_wrfhydro_monthly_huc12_aggregations_sample_data/LDASOUT/RAW2013/201305312100.LDASOUT_DOMAIN1
      Missing files. Skipping month.
  Processing month 6
rm: cannot remove '/caldera/hovenweep/projects/usgs/water/impd/hytest/working/niwaa_wrfhydro_monthly_huc12_aggregations/monthly/water_201306.nc': No such file or directory
      /caldera/hovenweep/projects/usgs/water/impd/hytest/niwaa_wrfhydro_monthly_huc12_aggregations_sample_data/LDASOUT/RAW2013/201306010000.LDASOUT_DOMAIN1 /caldera/hovenweep/projects/usgs/water/impd/hytest/niwaa_wrfhydro_monthly_huc12_aggregations_sample_data/LDASOUT/RAW2013/201306302100.LDASOUT_DOMAIN1
      Missing files. Skipping month.
  Processing month 7
rm: cannot remove '/caldera/hovenweep/projects/usgs/water/impd/hytest/working/niwaa_wrfhydro_monthly_huc12_aggregations/monthly/water_201307.nc': No such file or directory
      /caldera/hovenweep/projects/usgs/water/impd/hytest/niwaa_wrfhydro_monthly_huc12_aggregations_sample_data/LDASOUT/RAW2013/201307010000.LDASOUT_DOMAIN1 /caldera/hovenweep/projects/usgs/water/impd/hytest/niwaa_wrfhydro_monthly_huc12_aggregations_sample_data/LDASOUT/RAW2013/201307312100.LDASOUT_DOMAIN1
      Missing files. Skipping month.
  Processing month 8
rm: cannot remove '/caldera/hovenweep/projects/usgs/water/impd/hytest/working/niwaa_wrfhydro_monthly_huc12_aggregations/monthly/water_201308.nc': No such file or directory
      /caldera/hovenweep/projects/usgs/water/impd/hytest/niwaa_wrfhydro_monthly_huc12_aggregations_sample_data/LDASOUT/RAW2013/201308010000.LDASOUT_DOMAIN1 /caldera/hovenweep/projects/usgs/water/impd/hytest/niwaa_wrfhydro_monthly_huc12_aggregations_sample_data/LDASOUT/RAW2013/201308312100.LDASOUT_DOMAIN1
      Missing files. Skipping month.
  Processing month 9
rm: cannot remove '/caldera/hovenweep/projects/usgs/water/impd/hytest/working/niwaa_wrfhydro_monthly_huc12_aggregations/monthly/water_201309.nc': No such file or directory
      /caldera/hovenweep/projects/usgs/water/impd/hytest/niwaa_wrfhydro_monthly_huc12_aggregations_sample_data/LDASOUT/RAW2013/201309010000.LDASOUT_DOMAIN1 /caldera/hovenweep/projects/usgs/water/impd/hytest/niwaa_wrfhydro_monthly_huc12_aggregations_sample_data/LDASOUT/RAW2013/201309302100.LDASOUT_DOMAIN1
      Missing files. Skipping month.
  Processing month 10
rm: cannot remove '/caldera/hovenweep/projects/usgs/water/impd/hytest/working/niwaa_wrfhydro_monthly_huc12_aggregations/monthly/water_201310.nc': No such file or directory
      /caldera/hovenweep/projects/usgs/water/impd/hytest/niwaa_wrfhydro_monthly_huc12_aggregations_sample_data/LDASOUT/RAW2013/201310010000.LDASOUT_DOMAIN1 /caldera/hovenweep/projects/usgs/water/impd/hytest/niwaa_wrfhydro_monthly_huc12_aggregations_sample_data/LDASOUT/RAW2013/201310312100.LDASOUT_DOMAIN1
      Missing files. Skipping month.
  Processing month 11
rm: cannot remove '/caldera/hovenweep/projects/usgs/water/impd/hytest/working/niwaa_wrfhydro_monthly_huc12_aggregations/monthly/water_201311.nc': No such file or directory
      /caldera/hovenweep/projects/usgs/water/impd/hytest/niwaa_wrfhydro_monthly_huc12_aggregations_sample_data/LDASOUT/RAW2013/201311010000.LDASOUT_DOMAIN1 /caldera/hovenweep/projects/usgs/water/impd/hytest/niwaa_wrfhydro_monthly_huc12_aggregations_sample_data/LDASOUT/RAW2013/201311302100.LDASOUT_DOMAIN1
      Missing files. Skipping month.
  Processing month 12
rm: cannot remove '/caldera/hovenweep/projects/usgs/water/impd/hytest/working/niwaa_wrfhydro_monthly_huc12_aggregations/monthly/water_201312.nc': No such file or directory
      /caldera/hovenweep/projects/usgs/water/impd/hytest/niwaa_wrfhydro_monthly_huc12_aggregations_sample_data/LDASOUT/RAW2013/201312010000.LDASOUT_DOMAIN1 /caldera/hovenweep/projects/usgs/water/impd/hytest/niwaa_wrfhydro_monthly_huc12_aggregations_sample_data/LDASOUT/RAW2013/201312312100.LDASOUT_DOMAIN1
      Missing files. Skipping month.
